
--[18.04.2017]--
Class: IEP    Line: 19
Incorrect integer value: '' for column 'is_budget' at row 1
-----------------------------------------------------------
--[18.04.2017]--
Class: IEP    Line: 19
Incorrect integer value: '' for column 'is_budget' at row 1
-----------------------------------------------------------
--[18.04.2017]--
Class: IEP    Line: 19
Incorrect integer value: '' for column 'is_budget' at row 1
-----------------------------------------------------------
--[18.04.2017]--
Class: IEP    Line: 19
Incorrect integer value: '' for column 'is_budget' at row 1
-----------------------------------------------------------
--[Date: 18.04.2017 Time: 16:08:08]--
Class: IEP    Line: 19
Incorrect integer value: '' for column 'is_budget' at row 1
-----------------------------------------------------------
--[Date: 18.04.2017 Time: 16:10:52]--
Class: IEP    Line: 19
Incorrect integer value: '' for column 'is_budget' at row 1
-----------------------------------------------------------
--[Date: 18.04.2017 Time: 16:14:33]--
Class: IEP    Line: 19
Data too long for column 'description' at row 1
-----------------------------------------------
--[Date: 18.04.2017 Time: 16:14:36]--
Class: IEP    Line: 19
Data too long for column 'description' at row 1
-----------------------------------------------